<?xml version="1.0" encoding="UTF-8"?>
<testsuite name="ProcesaEco.ProcesaEcoTestSuite" tests="1" failures="0" errors="0" time="0.914"><properties><property name="java.runtime.name" value="Java(TM) SE Runtime Environment"/><property name="sun.boot.library.path" value="C:\Program Files\Java\jdk1.8.0_131\jre\bin"/><property name="java.vm.version" value="25.131-b11"/><property name="user.country.format" value="ES"/><property name="java.vm.vendor" value="Oracle Corporation"/><property name="java.vendor.url" value="http://java.oracle.com/"/><property name="guice.disable.misplaced.annotation.check" value="true"/><property name="path.separator" value=";"/><property name="java.vm.name" value="Java HotSpot(TM) 64-Bit Server VM"/><property name="file.encoding.pkg" value="sun.io"/><property name="user.country" value="US"/><property name="user.script" value=""/><property name="sun.java.launcher" value="SUN_STANDARD"/><property name="sun.os.patch.level" value=""/><property name="java.vm.specification.name" value="Java Virtual Machine Specification"/><property name="user.dir" value="C:\JDeveloper\mywork\CICDdemo\CICDDemo"/><property name="java.runtime.version" value="1.8.0_131-b11"/><property name="java.awt.graphicsenv" value="sun.awt.Win32GraphicsEnvironment"/><property name="java.endorsed.dirs" value="C:\Program Files\Java\jdk1.8.0_131\jre\lib\endorsed"/><property name="os.arch" value="amd64"/><property name="java.io.tmpdir" value="C:\Users\EGARCI~1.MAR\AppData\Local\Temp\"/><property name="line.separator" value="
"/><property name="java.vm.specification.vendor" value="Oracle Corporation"/><property name="user.variant" value=""/><property name="env.ORACLE_HOME" value="C:\Oracle\Middleware\Oracle_Home"/><property name="os.name" value="Windows 10"/><property name="classworlds.conf" value="C:\Oracle\Middleware\Oracle_Home\oracle_common\modules\org.apache.maven_3.2.5\bin\m2.conf"/><property name="sun.jnu.encoding" value="Cp1252"/><property name="java.library.path" value="C:\Program Files\Java\jdk1.8.0_131\bin;C:\WINDOWS\Sun\Java\bin;C:\WINDOWS\system32;C:\WINDOWS;C:\Program Files (x86)\Common Files\Oracle\Java\javapath;C:\oraclexe\app\oracle\product\11.2.0\server\bin;C:\ProgramData\Oracle\Java\javapath;C:\WINDOWS\system32;C:\WINDOWS;C:\WINDOWS\System32\Wbem;C:\WINDOWS\System32\WindowsPowerShell\v1.0\;C:\Program Files\Microsoft SQL Server\120\Tools\Binn\;C:\Program Files\Microsoft SQL Server\130\Tools\Binn\;C:\Program Files (x86)\Windows Kits\10\Windows Performance Toolkit\;C:\Program Files\PuTTY\;C:\Program Files\Microsoft\Web Platform Installer\;C:\Program Files\dotnet\;C:\Program Files\Microsoft SDKs\Service Fabric\Tools\ServiceFabricLocalClusterManager;C:\Program Files\Geth;C:\Python27\;C:\Program Files\nodejs\;C:\Oracle\Middleware\Oracle_Home\oracle_common\modules\org.apache.maven_3.2.5\bin;C:\Users\e.garcia.san.martin\AppData\Local\atom\bin;C:\Users\e.garcia.san.martin\AppData\Local\.meteor\;C:\Users\e.garcia.san.martin\AppData\Roaming\Cloud Foundry;C:\Users\e.garcia.san.martin\AppData\Local\Microsoft\WindowsApps;C:\OpenSSL-Win64\bin;C:\Users\e.garcia.san.martin\AppData\Roaming\npm;C:\software\Git\cmd;."/><property name="javax.net.ssl.trustStore" value="C:\Users\EGARCI~1.MAR\AppData\Local\Temp\trustStore7879941973715842748.jks"/><property name="sun.awt.enableExtraMouseButtons" value="true"/><property name="java.specification.name" value="Java Platform API Specification"/><property name="java.class.version" value="52.0"/><property name="sun.management.compiler" value="HotSpot 64-Bit Tiered Compilers"/><property name="os.version" value="10.0"/><property name="user.home" value="C:\Users\e.garcia.san.martin"/><property name="user.timezone" value="Europe/Paris"/><property name="java.awt.printerjob" value="sun.awt.windows.WPrinterJob"/><property name="file.encoding" value="Cp1252"/><property name="java.specification.version" value="1.8"/><property name="java.class.path" value="C:\Oracle\Middleware\Oracle_Home\oracle_common\modules\org.apache.maven_3.2.5\boot\plexus-classworlds-2.5.2.jar;C:\Oracle\Middleware\Oracle_Home\oracle_common\modules\org.apache.maven_3.2.5\lib\wagon-provider-api-2.8.jar;C:\Oracle\Middleware\Oracle_Home\oracle_common\modules\org.apache.maven_3.2.5\lib\wagon-http-shared-2.8.jar;C:\Oracle\Middleware\Oracle_Home\oracle_common\modules\org.apache.maven_3.2.5\lib\wagon-http-2.8-shaded.jar;C:\Oracle\Middleware\Oracle_Home\oracle_common\modules\org.apache.maven_3.2.5\lib\wagon-file-2.8.jar;C:\Oracle\Middleware\Oracle_Home\oracle_common\modules\org.apache.maven_3.2.5\lib\slf4j-simple-1.7.5.jar;C:\Oracle\Middleware\Oracle_Home\oracle_common\modules\org.apache.maven_3.2.5\lib\slf4j-api-1.7.5.jar;C:\Oracle\Middleware\Oracle_Home\oracle_common\modules\org.apache.maven_3.2.5\lib\sisu-guice-3.2.3-no_aop.jar;C:\Oracle\Middleware\Oracle_Home\oracle_common\modules\org.apache.maven_3.2.5\lib\plexus-utils-3.0.20.jar;C:\Oracle\Middleware\Oracle_Home\oracle_common\modules\org.apache.maven_3.2.5\lib\plexus-sec-dispatcher-1.3.jar;C:\Oracle\Middleware\Oracle_Home\oracle_common\modules\org.apache.maven_3.2.5\lib\plexus-interpolation-1.21.jar;C:\Oracle\Middleware\Oracle_Home\oracle_common\modules\org.apache.maven_3.2.5\lib\plexus-component-annotations-1.5.5.jar;C:\Oracle\Middleware\Oracle_Home\oracle_common\modules\org.apache.maven_3.2.5\lib\plexus-cipher-1.7.jar;C:\Oracle\Middleware\Oracle_Home\oracle_common\modules\org.apache.maven_3.2.5\lib\org.eclipse.sisu.plexus-0.3.0.M1.jar;C:\Oracle\Middleware\Oracle_Home\oracle_common\modules\org.apache.maven_3.2.5\lib\org.eclipse.sisu.inject-0.3.0.M1.jar;C:\Oracle\Middleware\Oracle_Home\oracle_common\modules\org.apache.maven_3.2.5\lib\maven-settings-builder-3.2.5.jar;C:\Oracle\Middleware\Oracle_Home\oracle_common\modules\org.apache.maven_3.2.5\lib\maven-settings-3.2.5.jar;C:\Oracle\Middleware\Oracle_Home\oracle_common\modules\org.apache.maven_3.2.5\lib\maven-repository-metadata-3.2.5.jar;C:\Oracle\Middleware\Oracle_Home\oracle_common\modules\org.apache.maven_3.2.5\lib\maven-plugin-api-3.2.5.jar;C:\Oracle\Middleware\Oracle_Home\oracle_common\modules\org.apache.maven_3.2.5\lib\maven-model-builder-3.2.5.jar;C:\Oracle\Middleware\Oracle_Home\oracle_common\modules\org.apache.maven_3.2.5\lib\maven-model-3.2.5.jar;C:\Oracle\Middleware\Oracle_Home\oracle_common\modules\org.apache.maven_3.2.5\lib\maven-embedder-3.2.5.jar;C:\Oracle\Middleware\Oracle_Home\oracle_common\modules\org.apache.maven_3.2.5\lib\maven-core-3.2.5.jar;C:\Oracle\Middleware\Oracle_Home\oracle_common\modules\org.apache.maven_3.2.5\lib\maven-compat-3.2.5.jar;C:\Oracle\Middleware\Oracle_Home\oracle_common\modules\org.apache.maven_3.2.5\lib\maven-artifact-3.2.5.jar;C:\Oracle\Middleware\Oracle_Home\oracle_common\modules\org.apache.maven_3.2.5\lib\maven-aether-provider-3.2.5.jar;C:\Oracle\Middleware\Oracle_Home\oracle_common\modules\org.apache.maven_3.2.5\lib\jsr250-api-1.0.jar;C:\Oracle\Middleware\Oracle_Home\oracle_common\modules\org.apache.maven_3.2.5\lib\jsoup-1.7.2.jar;C:\Oracle\Middleware\Oracle_Home\oracle_common\modules\org.apache.maven_3.2.5\lib\javax.inject-1.jar;C:\Oracle\Middleware\Oracle_Home\oracle_common\modules\org.apache.maven_3.2.5\lib\guava-18.0.jar;C:\Oracle\Middleware\Oracle_Home\oracle_common\modules\org.apache.maven_3.2.5\lib\commons-lang-2.6.jar;C:\Oracle\Middleware\Oracle_Home\oracle_common\modules\org.apache.maven_3.2.5\lib\commons-io-2.2.jar;C:\Oracle\Middleware\Oracle_Home\oracle_common\modules\org.apache.maven_3.2.5\lib\commons-cli-1.2.jar;C:\Oracle\Middleware\Oracle_Home\oracle_common\modules\org.apache.maven_3.2.5\lib\cdi-api-1.0.jar;C:\Oracle\Middleware\Oracle_Home\oracle_common\modules\org.apache.maven_3.2.5\lib\aopalliance-1.0.jar;C:\Oracle\Middleware\Oracle_Home\oracle_common\modules\org.apache.maven_3.2.5\lib\aether-util-1.0.0.v20140518.jar;C:\Oracle\Middleware\Oracle_Home\oracle_common\modules\org.apache.maven_3.2.5\lib\aether-transport-wagon-1.0.0.v20140518.jar;C:\Oracle\Middleware\Oracle_Home\oracle_common\modules\org.apache.maven_3.2.5\lib\aether-spi-1.0.0.v20140518.jar;C:\Oracle\Middleware\Oracle_Home\oracle_common\modules\org.apache.maven_3.2.5\lib\aether-impl-1.0.0.v20140518.jar;C:\Oracle\Middleware\Oracle_Home\oracle_common\modules\org.apache.maven_3.2.5\lib\aether-connector-basic-1.0.0.v20140518.jar;C:\Oracle\Middleware\Oracle_Home\oracle_common\modules\org.apache.maven_3.2.5\lib\aether-api-1.0.0.v20140518.jar;"/><property name="user.name" value="e.garcia.san.martin"/><property name="java.vm.specification.version" value="1.8"/><property name="sun.java.command" value="org.codehaus.classworlds.Launcher --settings C:\Users\e.garcia.san.martin\.m2\settings.xml --file C:\JDeveloper\mywork\CICDdemo\CICDDemo\pom.xml integration-test -Pdesarrollo -Denv.ORACLE_HOME=C:\Oracle\Middleware\Oracle_Home"/><property name="java.home" value="C:\Program Files\Java\jdk1.8.0_131\jre"/><property name="sun.arch.data.model" value="64"/><property name="user.language" value="en"/><property name="java.specification.vendor" value="Oracle Corporation"/><property name="user.language.format" value="es"/><property name="awt.toolkit" value="sun.awt.windows.WToolkit"/><property name="java.vm.info" value="mixed mode"/><property name="java.version" value="1.8.0_131"/><property name="java.ext.dirs" value="C:\Program Files\Java\jdk1.8.0_131\jre\lib\ext;C:\WINDOWS\Sun\Java\lib\ext"/><property name="sun.boot.class.path" value="C:\Program Files\Java\jdk1.8.0_131\jre\lib\resources.jar;C:\Program Files\Java\jdk1.8.0_131\jre\lib\rt.jar;C:\Program Files\Java\jdk1.8.0_131\jre\lib\sunrsasign.jar;C:\Program Files\Java\jdk1.8.0_131\jre\lib\jsse.jar;C:\Program Files\Java\jdk1.8.0_131\jre\lib\jce.jar;C:\Program Files\Java\jdk1.8.0_131\jre\lib\charsets.jar;C:\Program Files\Java\jdk1.8.0_131\jre\lib\jfr.jar;C:\Program Files\Java\jdk1.8.0_131\jre\classes"/><property name="java.vendor" value="Oracle Corporation"/><property name="maven.home" value="C:\Oracle\Middleware\Oracle_Home\oracle_common\modules\org.apache.maven_3.2.5"/><property name="file.separator" value="\"/><property name="java.vendor.url.bug" value="http://bugreport.sun.com/bugreport/"/><property name="sun.io.unicode.encoding" value="UnicodeLittle"/><property name="sun.cpu.endian" value="little"/><property name="sun.desktop" value="windows"/><property name="sun.cpu.isalist" value="amd64"/></properties><testcase name="Saludo" time="0.914"/></testsuite>